c:\users\usuario.equipo-pc\desktop\gráficas computacionales 2\plantillatexto (1)\terrenoskybillmodgc2texto\v1dx11rr\x64\debug\vc142.pdb
c:\users\usuario.equipo-pc\desktop\gráficas computacionales 2\plantillatexto (1)\terrenoskybillmodgc2texto\v1dx11rr\x64\debug\vc142.idb
c:\users\usuario.equipo-pc\desktop\gráficas computacionales 2\plantillatexto (1)\terrenoskybillmodgc2texto\v1dx11rr\x64\debug\xact3util.obj
c:\users\usuario.equipo-pc\desktop\gráficas computacionales 2\plantillatexto (1)\terrenoskybillmodgc2texto\v1dx11rr\x64\debug\terrenoskybill.obj
c:\users\usuario.equipo-pc\desktop\gráficas computacionales 2\plantillatexto (1)\terrenoskybillmodgc2texto\v1dx11rr\x64\debug\loadmodel.obj
c:\users\usuario.equipo-pc\documents\github\plantillatexto (1)\terrenoskybillmodgc2texto\v1dx11rr\x64\debug\vc142.pdb
c:\users\usuario.equipo-pc\documents\github\plantillatexto (1)\terrenoskybillmodgc2texto\v1dx11rr\x64\debug\vc142.idb
c:\users\usuario.equipo-pc\documents\github\plantillatexto (1)\terrenoskybillmodgc2texto\v1dx11rr\x64\debug\xact3util.obj
c:\users\usuario.equipo-pc\documents\github\plantillatexto (1)\terrenoskybillmodgc2texto\v1dx11rr\x64\debug\terrenoskybill.obj
c:\users\usuario.equipo-pc\documents\github\plantillatexto (1)\terrenoskybillmodgc2texto\v1dx11rr\x64\debug\loadmodel.obj
c:\users\usuario.equipo-pc\desktop\gráficas computacionales 2\plantillatexto (1)\terrenoskybillmodgc2texto\x64\debug\billboard.cso
c:\users\usuario.equipo-pc\desktop\gráficas computacionales 2\plantillatexto (1)\terrenoskybillmodgc2texto\x64\debug\gui.cso
c:\users\usuario.equipo-pc\desktop\gráficas computacionales 2\plantillatexto (1)\terrenoskybillmodgc2texto\x64\debug\modelo.cso
c:\users\usuario.equipo-pc\desktop\gráficas computacionales 2\plantillatexto (1)\terrenoskybillmodgc2texto\x64\debug\text.cso
c:\users\usuario.equipo-pc\documents\github\plantillatexto (1)\terrenoskybillmodgc2texto\x64\debug\billboard.cso
c:\users\usuario.equipo-pc\documents\github\plantillatexto (1)\terrenoskybillmodgc2texto\x64\debug\gui.cso
c:\users\usuario.equipo-pc\documents\github\plantillatexto (1)\terrenoskybillmodgc2texto\x64\debug\modelo.cso
c:\users\usuario.equipo-pc\documents\github\plantillatexto (1)\terrenoskybillmodgc2texto\x64\debug\text.cso
c:\users\usuario.equipo-pc\documents\github\plantillatexto (1)\terrenoskybillmodgc2texto\x64\debug\agua.cso
c:\users\usuario.equipo-pc\documents\github\plantillatexto (1)\terrenoskybillmodgc2texto\x64\debug\silo.cso
c:\users\usuario.equipo-pc\desktop\gráficas computacionales 2\plantillatexto (1)\terrenoskybillmodgc2texto\x64\debug\terrenoskybill.exe
c:\users\usuario.equipo-pc\desktop\gráficas computacionales 2\plantillatexto (1)\terrenoskybillmodgc2texto\x64\debug\terrenoskybill.ilk
c:\users\usuario.equipo-pc\desktop\gráficas computacionales 2\plantillatexto (1)\terrenoskybillmodgc2texto\x64\debug\terrenoskybill.pdb
c:\users\usuario.equipo-pc\documents\github\plantillatexto (1)\terrenoskybillmodgc2texto\x64\debug\terrenoskybill.exe
c:\users\usuario.equipo-pc\documents\github\plantillatexto (1)\terrenoskybillmodgc2texto\x64\debug\terrenoskybill.ilk
c:\users\usuario.equipo-pc\documents\github\plantillatexto (1)\terrenoskybillmodgc2texto\x64\debug\terrenoskybill.pdb
c:\users\usuario.equipo-pc\documents\github\plantillatexto (1)\terrenoskybillmodgc2texto\v1dx11rr\x64\debug\terrenoskybill.res
c:\users\usuario.equipo-pc\documents\github\plantillatexto (1)\terrenoskybillmodgc2texto\v1dx11rr\x64\debug\fontclass.obj
c:\users\usuario.equipo-pc\documents\github\plantillatexto (1)\terrenoskybillmodgc2texto\v1dx11rr\x64\debug\fontshaderclass.obj
c:\users\usuario.equipo-pc\documents\github\plantillatexto (1)\terrenoskybillmodgc2texto\v1dx11rr\x64\debug\textclass.obj
c:\users\usuario.equipo-pc\documents\github\plantillatexto (1)\terrenoskybillmodgc2texto\v1dx11rr\x64\debug\textureclass.obj
c:\users\usuario.equipo-pc\documents\github\plantillatexto (1)\terrenoskybillmodgc2texto\v1dx11rr\x64\debug\terrenoskybill.ilk
c:\users\usuario.equipo-pc\documents\github\plantillatexto (1)\terrenoskybillmodgc2texto\v1dx11rr\x64\debug\terrenoskybill.tlog\cl.command.1.tlog
c:\users\usuario.equipo-pc\documents\github\plantillatexto (1)\terrenoskybillmodgc2texto\v1dx11rr\x64\debug\terrenoskybill.tlog\cl.read.1.tlog
c:\users\usuario.equipo-pc\documents\github\plantillatexto (1)\terrenoskybillmodgc2texto\v1dx11rr\x64\debug\terrenoskybill.tlog\cl.write.1.tlog
c:\users\usuario.equipo-pc\documents\github\plantillatexto (1)\terrenoskybillmodgc2texto\v1dx11rr\x64\debug\terrenoskybill.tlog\fxc.command.1.tlog
c:\users\usuario.equipo-pc\documents\github\plantillatexto (1)\terrenoskybillmodgc2texto\v1dx11rr\x64\debug\terrenoskybill.tlog\fxc.read.1.tlog
c:\users\usuario.equipo-pc\documents\github\plantillatexto (1)\terrenoskybillmodgc2texto\v1dx11rr\x64\debug\terrenoskybill.tlog\fxc.write.1.tlog
c:\users\usuario.equipo-pc\documents\github\plantillatexto (1)\terrenoskybillmodgc2texto\v1dx11rr\x64\debug\terrenoskybill.tlog\link.command.1.tlog
c:\users\usuario.equipo-pc\documents\github\plantillatexto (1)\terrenoskybillmodgc2texto\v1dx11rr\x64\debug\terrenoskybill.tlog\link.delete.1.tlog
c:\users\usuario.equipo-pc\documents\github\plantillatexto (1)\terrenoskybillmodgc2texto\v1dx11rr\x64\debug\terrenoskybill.tlog\link.read.1.tlog
c:\users\usuario.equipo-pc\documents\github\plantillatexto (1)\terrenoskybillmodgc2texto\v1dx11rr\x64\debug\terrenoskybill.tlog\link.write.1.tlog
c:\users\usuario.equipo-pc\documents\github\plantillatexto (1)\terrenoskybillmodgc2texto\v1dx11rr\x64\debug\terrenoskybill.tlog\rc.command.1.tlog
c:\users\usuario.equipo-pc\documents\github\plantillatexto (1)\terrenoskybillmodgc2texto\v1dx11rr\x64\debug\terrenoskybill.tlog\rc.read.1.tlog
c:\users\usuario.equipo-pc\documents\github\plantillatexto (1)\terrenoskybillmodgc2texto\v1dx11rr\x64\debug\terrenoskybill.tlog\rc.write.1.tlog
